#################################################################
# If you used AutoDock Vina in your work, please cite:          #
#                                                               #
# O. Trott, A. J. Olson,                                        #
# AutoDock Vina: improving the speed and accuracy of docking    #
# with a new scoring function, efficient optimization and       #
# multithreading, Journal of Computational Chemistry 31 (2010)  #
# 455-461                                                       #
#                                                               #
# DOI 10.1002/jcc.21334                                         #
#                                                               #
# Please see http://vina.scripps.edu for more information.      #
#################################################################

Detected 32 CPUs
Reading input ... done.
Setting up the scoring function ... done.
Performing local search ... done.
Affinity: -7.38723 (kcal/mol)
Writing output ... done.

real	0m0.173s
user	0m0.160s
sys	0m0.012s
